<?xml version="1.0" encoding="UTF-8"?>
<!-- Generated by org.testng.reporters.JUnitReportReporter -->
<testsuite hostname="VINU" name="com.appium.facebook.SampleProject.Facebook" tests="1" failures="0" timestamp="24 Oct 2015 03:27:45 GMT" time="19.337" errors="0">
  <testcase name="LoginTest" time="19.337" classname="com.appium.facebook.SampleProject.Facebook"/>
</testsuite> <!-- com.appium.facebook.SampleProject.Facebook -->
