<?xml version="1.0" encoding="UTF-8"?>
<!-- Generated by org.testng.reporters.JUnitReportReporter -->
<testsuite hostname="VINU" name="com.appium.facebook.SampleProject.AppTest" tests="1" failures="0" timestamp="24 Oct 2015 02:44:15 GMT" time="1.031" errors="0">
  <testcase name="LongPressTest" time="1.031" classname="com.appium.facebook.SampleProject.AppTest"/>
</testsuite>
